This is pdfTeXk, Version 3.141592-1.40.3 (Web2C 7.5.6) (format=pdflatex 2009.8.23)  29 SEP 2009 13:56
entering extended mode
 %&-line parsing enabled.
**informe.tex
(./informe.tex
LaTeX2e <2005/12/01>
Babel <v3.8h> and hyphenation patterns for english, usenglishmax, dumylang, noh
yphenation, spanish, catalan, galician, loaded.
(/usr/share/texmf-texlive/tex/latex/base/article.cls
Document Class: article 2005/09/16 v1.4f Standard LaTeX document class
(/usr/share/texmf-texlive/tex/latex/base/size10.clo
File: size10.clo 2005/09/16 v1.4f Standard LaTeX file (size option)
)
\c@part=\count79
\c@section=\count80
\c@subsection=\count81
\c@subsubsection=\count82
\c@paragraph=\count83
\c@subparagraph=\count84
\c@figure=\count85
\c@table=\count86
\abovecaptionskip=\skip41
\belowcaptionskip=\skip42
\bibindent=\dimen102
)
(/usr/share/texmf-texlive/tex/generic/babel/babel.sty
Package: babel 2005/11/23 v3.8h The Babel package

(/usr/share/texmf-texlive/tex/generic/babel/spanish.ldf
Language: spanish.ldf 2005/03/31 v4.2b Spanish support from the babel system

(/usr/share/texmf-texlive/tex/generic/babel/babel.def
File: babel.def 2005/11/23 v3.8h Babel common definitions
\babel@savecnt=\count87
\U@D=\dimen103
)
\es@quottoks=\toks14
\es@quotdepth=\count88
Package babel Info: Making . an active character on input line 509.
Package babel Info: Making " an active character on input line 540.
Package babel Info: Making < an active character on input line 641.
Package babel Info: Making > an active character on input line 642.
))
(/usr/share/texmf-texlive/tex/latex/base/makeidx.sty
Package: makeidx 2000/03/29 v1.0m Standard LaTeX package
) (./caratula.sty
Package: caratula 2003/4/13 v0.1 Para componer caratulas de TPs del DC

Cargando package 'caratula' v0.2 (21/4/2003)
\intlist=\toks15
)
\@indexfile=\write3
\openout3 = `informe.idx'.


Writing index file informe.idx
(./informe.aux)
\openout1 = `informe.aux'.

LaTeX Font Info:    Checking defaults for OML/cmm/m/it on input line 9.
LaTeX Font Info:    ... okay on input line 9.
LaTeX Font Info:    Checking defaults for T1/cmr/m/n on input line 9.
LaTeX Font Info:    ... okay on input line 9.
LaTeX Font Info:    Checking defaults for OT1/cmr/m/n on input line 9.
LaTeX Font Info:    ... okay on input line 9.
LaTeX Font Info:    Checking defaults for OMS/cmsy/m/n on input line 9.
LaTeX Font Info:    ... okay on input line 9.
LaTeX Font Info:    Checking defaults for OMX/cmex/m/n on input line 9.
LaTeX Font Info:    ... okay on input line 9.
LaTeX Font Info:    Checking defaults for U/cmr/m/n on input line 9.
LaTeX Font Info:    ... okay on input line 9.
LaTeX Font Info:    External font `cmex10' loaded for size
(Font)              <7> on input line 23.
LaTeX Font Info:    External font `cmex10' loaded for size
(Font)              <5> on input line 23.
 [1

{/var/lib/texmf/fonts/map/pdftex/updmap/pdftex.map}]
(./informe.toc)
\tf@toc=\write4
\openout4 = `informe.toc'.

 [2] (./introducciรณn/introducciรณn.tex
Missing character: There is no ร in font cmr10!
Missing character: There is no ณ in font cmr10!
Missing character: There is no ร in font cmr10!
Missing character: There is no ก in font cmr10!
Missing character: There is no ร in font cmr10!
Missing character: There is no ณ in font cmr10!
Missing character: There is no ร in font cmr10!
Missing character: There is no ณ in font cmr10!
Missing character: There is no ร in font cmr10!
Missing character: There is no ญ in font cmr10!
Missing character: There is no ร in font cmr10!
Missing character: There is no ญ in font cmr10!
Missing character: There is no ร in font cmr10!
Missing character: There is no ณ in font cmr10!
Missing character: There is no ร in font cmr10!
Missing character: There is no ณ in font cmr10!
Missing character: There is no ร in font cmr10!
Missing character: There is no ญ in font cmr10!
Missing character: There is no ร in font cmr10!
Missing character: There is no ก in font cmr10!
Missing character: There is no ร in font cmr10!
Missing character: There is no ณ in font cmr10!
Missing character: There is no ร in font cmr10!
Missing character: There is no ก in font cmr10!
Missing character: There is no ร in font cmr10!
Missing character: There is no ญ in font cmr10!
Missing character: There is no ร in font cmr10!
Missing character: There is no ก in font cmr10!
Missing character: There is no ร in font cmr10!
Missing character: There is no ญ in font cmr10!
Missing character: There is no ร in font cmr10!
Missing character: There is no ณ in font cmr10!
Missing character: There is no ร in font cmr10!
Missing character: There is no ณ in font cmr10!
Missing character: There is no ร in font cmr10!
Missing character: There is no ณ in font cmr10!
Missing character: There is no ร in font cmr10!
Missing character: There is no ญ in font cmr10!
Missing character: There is no ร in font cmr10!
Missing character: There is no ก in font cmr10!
Missing character: There is no ร in font cmr10!
Missing character: There is no ก in font cmr10!
) [3] (./informe.aux) ) 
Here is how much of TeX's memory you used:
 786 strings out of 95037
 9064 string characters out of 1182324
 61924 words of memory out of 1500000
 4021 multiletter control sequences out of 10000+50000
 5625 words of font info for 21 fonts, out of 1200000 for 2000
 54 hyphenation exceptions out of 8191
 25i,7n,25p,486b,196s stack positions out of 5000i,500n,6000p,200000b,5000s
</usr/share/texmf-texlive/fonts/type1/bluesky/cm/cmbx10.
pfb></usr/share/texmf-texlive/fonts/type1/bluesky/cm/cmbx12.pfb></usr/share/tex
mf-texlive/fonts/type1/bluesky/cm/cmr10.pfb></usr/share/texmf-texlive/fonts/typ
e1/bluesky/cm/cmr12.pfb></usr/share/texmf-texlive/fonts/type1/bluesky/cm/cmtt10
.pfb>
Output written on informe.pdf (3 pages, 43664 bytes).
PDF statistics:
 32 PDF objects out of 1000 (max. 8388607)
 0 named destinations out of 1000 (max. 131072)
 1 words of extra memory for PDF output out of 10000 (max. 10000000)

