This is pdfTeXk, Version 3.141592-1.40.3 (Web2C 7.5.6) (format=pdflatex 2009.8.23)  5 OCT 2009 17:33
entering extended mode
 %&-line parsing enabled.
**informe.tex
(./informe.tex
LaTeX2e <2005/12/01>
Babel <v3.8h> and hyphenation patterns for english, usenglishmax, dumylang, noh
yphenation, spanish, catalan, galician, loaded.
(/usr/share/texmf-texlive/tex/latex/base/article.cls
Document Class: article 2005/09/16 v1.4f Standard LaTeX document class
(/usr/share/texmf-texlive/tex/latex/base/size10.clo
File: size10.clo 2005/09/16 v1.4f Standard LaTeX file (size option)
)
\c@part=\count79
\c@section=\count80
\c@subsection=\count81
\c@subsubsection=\count82
\c@paragraph=\count83
\c@subparagraph=\count84
\c@figure=\count85
\c@table=\count86
\abovecaptionskip=\skip41
\belowcaptionskip=\skip42
\bibindent=\dimen102
)
(/usr/share/texmf-texlive/tex/generic/babel/babel.sty
Package: babel 2005/11/23 v3.8h The Babel package

(/usr/share/texmf-texlive/tex/generic/babel/spanish.ldf
Language: spanish.ldf 2005/03/31 v4.2b Spanish support from the babel system

(/usr/share/texmf-texlive/tex/generic/babel/babel.def
File: babel.def 2005/11/23 v3.8h Babel common definitions
\babel@savecnt=\count87
\U@D=\dimen103
)
\es@quottoks=\toks14
\es@quotdepth=\count88
Package babel Info: Making . an active character on input line 509.
Package babel Info: Making " an active character on input line 540.
Package babel Info: Making < an active character on input line 641.
Package babel Info: Making > an active character on input line 642.
))
(/usr/share/texmf-texlive/tex/latex/base/makeidx.sty
Package: makeidx 2000/03/29 v1.0m Standard LaTeX package
)
(/usr/share/texmf-texlive/tex/latex/multirow/multirow.sty
\bigstrutjot=\dimen104
) (./caratula.sty
Package: caratula 2003/4/13 v0.1 Para componer caratulas de TPs del DC

Cargando package 'caratula' v0.2 (21/4/2003)
\intlist=\toks15
)
\@indexfile=\write3
\openout3 = `informe.idx'.


Writing index file informe.idx
(./informe.aux)
\openout1 = `informe.aux'.

LaTeX Font Info:    Checking defaults for OML/cmm/m/it on input line 13.
LaTeX Font Info:    ... okay on input line 13.
LaTeX Font Info:    Checking defaults for T1/cmr/m/n on input line 13.
LaTeX Font Info:    ... okay on input line 13.
LaTeX Font Info:    Checking defaults for OT1/cmr/m/n on input line 13.
LaTeX Font Info:    ... okay on input line 13.
LaTeX Font Info:    Checking defaults for OMS/cmsy/m/n on input line 13.
LaTeX Font Info:    ... okay on input line 13.
LaTeX Font Info:    Checking defaults for OMX/cmex/m/n on input line 13.
LaTeX Font Info:    ... okay on input line 13.
LaTeX Font Info:    Checking defaults for U/cmr/m/n on input line 13.
LaTeX Font Info:    ... okay on input line 13.
LaTeX Font Info:    External font `cmex10' loaded for size
(Font)              <7> on input line 27.
LaTeX Font Info:    External font `cmex10' loaded for size
(Font)              <5> on input line 27.
 [1

{/var/lib/texmf/fonts/map/pdftex/updmap/pdftex.map}]
(./informe.toc)
\tf@toc=\write4
\openout4 = `informe.toc'.

 [2] (./introducci√≥n/introducci√≥n.tex
Underfull \hbox (badness 10000) in paragraph at lines 3--7

 []


Underfull \hbox (badness 10000) in paragraph at lines 9--13

 []


Underfull \hbox (badness 10000) in paragraph at lines 14--18

 []

) [3] (./desarrollo/desarrollo.tex
Underfull \hbox (badness 10000) in paragraph at lines 10--13

 []


Underfull \hbox (badness 10000) in paragraph at lines 14--17

 []


Underfull \hbox (badness 10000) in paragraph at lines 24--28

 []

) [4] (./discusi√≥n/discusi√≥n.tex
Missing character: There is no √ in font cmr10!
Missing character: There is no ± in font cmr10!
Missing character: There is no √ in font cmr10!
Missing character: There is no ± in font cmr10!

Overfull \hbox (14.09583pt too wide) in paragraph at lines 12--14
\OT1/cmtt/m/n/9 void cPrewitt(const char* src,char *dst,int width, int height,i
nt xorder,int
 []


Underfull \hbox (badness 10000) in paragraph at lines 15--18

 []

LaTeX Font Info:    Try loading font information for OMS+cmtt on input line 19.

(/usr/share/texmf/tex/latex/R/omscmtt.fd
File: omscmtt.fd 
)
LaTeX Font Info:    Font shape `OMS/cmtt/m/n' in size <9> not available
(Font)              Font shape `OMS/cmsy/m/n' tried instead on input line 19.

Underfull \hbox (badness 10000) in paragraph at lines 19--26

 []


Overfull \hbox (6.22705pt too wide) in paragraph at lines 27--33
[]\OT1/cmtt/m/n/9 k =xorder*apply[]mask(&src[line*(y-1)+x-1], line, OPERADOR[]P
REWITT[]X, 3); 
 []


Overfull \hbox (6.22705pt too wide) in paragraph at lines 27--33
[]\OT1/cmtt/m/n/9 k+=yorder*apply[]mask(&src[line*(y-1)+x-1], line, OPERADOR[]P
REWITT[]Y, 3); 
 []


Underfull \hbox (badness 10000) in paragraph at lines 27--33

 []

[5]
Missing character: There is no √ in font cmr10!
Missing character: There is no ± in font cmr10!
Missing character: There is no √ in font cmr10!
Missing character: There is no ± in font cmr10!

Underfull \hbox (badness 10000) in paragraph at lines 66--71

 []


Underfull \hbox (badness 10000) in paragraph at lines 72--79

 []


Underfull \hbox (badness 10000) in paragraph at lines 80--85

 []


Underfull \hbox (badness 10000) in paragraph at lines 90--99

 []

[6]
Overfull \hbox (4.37263pt too wide) in paragraph at lines 109--113
[]\OT1/cmr/m/n/10 Al co-mien-zo se pro-gram^^So la fun-ci^^Son pa-ra el ope-ra-
dor de \OT1/cmr/m/it/10 So-bel \OT1/cmr/m/n/10 ya que pod^^S^^Pamos
 []


Underfull \hbox (badness 10000) in paragraph at lines 109--113

 []


Underfull \hbox (badness 10000) in paragraph at lines 124--126

 []

[7]
Underfull \hbox (badness 10000) in paragraph at lines 146--150

 []


Underfull \hbox (badness 10000) in paragraph at lines 151--154

 []


Underfull \hbox (badness 10000) in paragraph at lines 155--156

 []


Underfull \hbox (badness 10000) in paragraph at lines 157--164

 []


Underfull \hbox (badness 10000) in paragraph at lines 165--169

 []

[8]
Underfull \hbox (badness 10000) in paragraph at lines 203--205

 []

[9]) [10] (./informe.aux) ) 
Here is how much of TeX's memory you used:
 842 strings out of 95037
 9963 string characters out of 1182324
 66924 words of memory out of 1500000
 4058 multiletter control sequences out of 10000+50000
 6700 words of font info for 25 fonts, out of 1200000 for 2000
 54 hyphenation exceptions out of 8191
 25i,9n,25p,198b,204s stack positions out of 5000i,500n,6000p,200000b,5000s
</usr/share/texmf-texlive/fonts/type1/bluesky/cm/cmb
x10.pfb></usr/share/texmf-texlive/fonts/type1/bluesky/cm/cmbx12.pfb></usr/share
/texmf-texlive/fonts/type1/bluesky/cm/cmmi10.pfb></usr/share/texmf-texlive/font
s/type1/bluesky/cm/cmr10.pfb></usr/share/texmf-texlive/fonts/type1/bluesky/cm/c
mr12.pfb></usr/share/texmf-texlive/fonts/type1/bluesky/cm/cmsy10.pfb></usr/shar
e/texmf-texlive/fonts/type1/bluesky/cm/cmsy9.pfb></usr/share/texmf-texlive/font
s/type1/bluesky/cm/cmti10.pfb></usr/share/texmf-texlive/fonts/type1/bluesky/cm/
cmtt10.pfb></usr/share/texmf-texlive/fonts/type1/bluesky/cm/cmtt9.pfb>
Output written on informe.pdf (10 pages, 96896 bytes).
PDF statistics:
 75 PDF objects out of 1000 (max. 8388607)
 0 named destinations out of 1000 (max. 131072)
 1 words of extra memory for PDF output out of 10000 (max. 10000000)

