1
N 1
2
N 1 2
3
N 1 2 3
2
N 1 2
2
N 1 2
3
N 2 4 6
4
N 2 5 6 7
4
N 3 4 7 8
4
N 1 2 6 8
3
N 2 3 9
3
N 4 6 9
4
N 1 2 5 7
4
N 2 3 8 12
3
N 1 5 8
5
N 2 3 6 8 13
5
N 8 9 10 13 15
5
N 5 8 10 11 13
6
N 1 4 8 14 15 16
3
N 1 2 16
5
N 5 10 14 19 20
5
N 5 9 15 18 20
5
N 1 2 6 16 22
6
N 3 6 9 14 18 22
4
N 14 17 21 23
5
N 3 9 15 17 19
5
N 10 13 14 20 24
4
N 3 14 26 27
5
N 7 14 15 19 25
7
N 2 8 11 14 23 25 29
6
N 4 7 9 14 17 19
6
N 3 9 14 17 26 29
5
N 1 3 10 31 32
6
N 3 4 5 9 11 18
6
N 3 12 14 15 20 25
6
N 2 9 16 23 27 31
5
N 4 6 23 28 32
6
N 1 4 11 16 25 33
7
N 2 5 6 11 26 29 32
6
N 4 7 8 13 14 20
5
N 1 16 19 25 38
6
N 2 7 16 28 31 37
6
N 1 8 11 26 32 42
7
N 3 4 8 21 23 27 36
6
N 3 5 13 14 30 36
6
N 1 7 8 14 27 31
7
N 2 11 16 26 30 31 34
6
N 3 6 14 24 25 36
6
N 11 13 26 27 40 48
5
N 26 34 36 37 42
7
N 15 28 31 35 43 45 48
7
N 4 20 28 30 36 41 47
7
N 14 15 17 21 39 43 45
6
N 4 18 31 35 36 45
6
N 8 18 19 26 29 44
6
N 9 10 17 24 35 39
8
N 9 14 23 25 29 34 40 41
6
N 12 28 30 31 32 50
7
N 9 17 18 43 44 49 52
6
N 14 16 19 20 26 35
6
N 10 16 17 23 48 52
7
N 1 12 21 30 37 45 57
6
N 16 29 44 49 50 55
8
N 2 3 12 13 38 41 56 58
7
N 10 14 31 40 54 55 60
5
N 8 22 38 40 57
5
N 14 17 23 51 56
7
N 6 11 26 28 31 39 61
6
N 7 8 10 25 34 57
7
N 6 13 14 25 29 34 64
7
N 14 20 23 28 43 58 69
6
N 13 14 15 37 41 55
6
N 18 32 34 42 49 51
7
N 3 17 24 30 31 34 61
7
N 8 10 27 36 39 51 72
7
N 1 5 6 36 42 62 73
7
N 4 12 13 45 51 56 62
6
N 2 9 14 24 40 61
6
N 8 19 29 45 48 61
7
N 11 31 49 53 56 58 75
9
N 1 6 14 17 37 41 48 65 68
7
N 8 17 33 41 48 55 56
6
N 2 56 61 66 76 77
7
N 9 29 32 38 39 42 71
6
N 18 23 24 30 38 50
6
N 14 28 30 31 68 77
7
N 9 29 31 36 50 60 77
6
N 23 43 49 65 74 80
6
N 2 5 14 18 61 86
8
N 3 12 20 45 46 73 85 86
9
N 14 17 22 24 45 60 68 74 88
7
N 6 10 17 21 44 82 91
8
N 21 36 45 54 59 67 82 90
7
N 4 16 27 56 62 76 83
7
N 7 10 30 47 56 60 76
8
N 4 5 18 29 43 65 70 83
7
N 5 26 32 34 54 62 92
7
N 26 28 35 38 48 49 57
7
N 25 26 57 64 68 70 93
6
N 35 48 51 57 65 94
