1
N 1
2
N 1 2
3
N 1 2 3
2
N 1 2
2
N 1 2
3
N 2 4 6
4
N 2 5 6 7
4
N 1 3 4 7
4
N 1 2 6 8
3
N 1 3 5
4
N 1 4 7 8
4
N 1 2 5 7
4
N 1 6 8 11
4
N 1 7 8 9
5
N 2 3 6 8 13
5
N 4 8 10 11 13
5
N 1 5 8 10 13
6
N 1 4 8 14 15 16
5
N 1 8 12 13 19
5
N 1 3 11 14 19
5
N 1 2 4 12 16
6
N 1 2 3 4 13 16
6
N 1 3 9 13 14 18
5
N 1 3 14 21 23
6
N 3 9 15 19 20 24
5
N 1 6 8 9 18
6
N 1 3 10 20 23 25
6
N 2 4 14 15 19 20
7
N 2 7 8 11 14 25 29
7
N 1 4 7 9 11 17 21
7
N 1 3 9 17 21 24 29
6
N 1 2 4 12 14 16
6
N 1 5 7 16 18 21
7
N 3 6 8 14 28 29 31
7
N 5 9 10 12 16 23 26
6
N 1 11 12 26 32 35
7
N 1 4 16 25 29 32 33
7
N 2 5 6 11 26 29 32
7
N 5 6 11 12 19 31 37
6
N 1 9 24 25 27 39
7
N 3 7 12 31 33 37 38
7
N 1 2 11 21 26 40 42
7
N 1 6 9 10 18 20 26
7
N 2 5 21 29 32 35 36
7
N 1 5 7 8 16 32 44
7
N 1 3 21 26 31 34 44
7
N 1 11 14 16 26 38 39
7
N 2 5 7 17 43 47 48
7
N 10 18 23 26 34 37 48
8
N 14 15 30 31 39 43 45 48
8
N 4 19 20 22 40 45 47 50
8
N 1 2 14 17 32 37 43 44
8
N 6 11 18 31 33 36 45 51
8
N 1 12 19 29 32 40 44 47
8
N 1 12 15 17 29 42 45 50
8
N 3 7 19 22 29 33 37 54
8
N 4 5 6 8 33 35 50 55
9
N 9 17 18 23 24 36 44 48 52
8
N 8 15 19 28 32 34 35 50
8
N 10 16 26 32 33 40 48 51
8
N 1 5 7 12 13 21 55 57
8
N 10 16 29 30 31 50 55 57
9
N 3 4 6 24 27 31 38 40 43
8
N 6 10 16 30 36 40 54 64
8
N 1 7 14 16 17 40 49 51
7
N 1 2 9 29 48 49 54
8
N 2 6 9 23 24 36 50 63
8
N 1 5 7 9 14 23 25 26
8
N 4 16 25 26 42 63 68 69
9
N 10 11 18 28 38 39 46 58 69
8
N 4 13 17 24 25 26 48 51
8
N 1 4 13 34 42 64 67 70
8
N 3 6 8 10 20 31 66 69
9
N 2 22 23 37 50 63 65 71 72
9
N 1 8 15 31 36 39 42 62 73
8
N 1 8 9 35 45 54 62 65
9
N 7 9 19 27 50 56 61 76 77
9
N 14 24 38 49 50 55 57 70 71
8
N 2 20 30 37 57 61 63 79
9
N 1 6 14 17 37 41 47 48 76
9
N 1 10 16 30 33 38 51 79 80
9
N 1 28 37 39 45 56 61 66 77
9
N 1 7 9 32 38 39 42 45 71
9
N 2 3 8 26 35 43 54 56 82
9
N 6 9 27 28 31 66 77 81 82
8
N 1 2 16 18 29 36 60 77
10
N 4 12 17 20 30 41 46 52 65 77
9
N 1 2 4 8 19 20 29 71 85
9
N 3 20 25 30 35 44 46 61 78
11
N 14 17 22 45 51 55 60 68 74 87 88
9
N 2 6 21 31 43 53 54 57 91
9
N 3 44 47 63 67 78 79 90 91
9
N 3 13 20 44 56 62 85 88 93
9
N 1 7 10 18 27 41 47 56 60
10
N 4 5 18 20 24 29 35 56 65 66
9
N 7 9 15 45 48 56 76 83 96
9
N 1 10 18 36 66 67 86 93 97
9
N 1 15 19 38 59 63 76 90 96
9
N 1 10 45 51 65 70 72 76 97
